<?xml version="1.0" encoding="UTF-8"?>
<!-- Generated by org.testng.reporters.JUnitReportReporter -->
<testsuite hostname="DESKTOP-QI6C0LV" failures="0" tests="1" name="testNG.example2_testNGtestclass" time="218.474" errors="0" timestamp="2023-06-10T15:18:40 IST" skipped="0">
  <testcase classname="testNG.example2_testNGtestclass" name="testcase1" time="218.474"/>
</testsuite> <!-- testNG.example2_testNGtestclass -->
