<?xml version="1.0" encoding="UTF-8"?>
<!-- Generated by org.testng.reporters.JUnitReportReporter -->
<testsuite hostname="DESKTOP-QI6C0LV" failures="0" tests="1" name="testNG.example8_timeout" time="0.080" errors="0" timestamp="2023-06-12T23:34:39 IST" skipped="0">
  <testcase classname="testNG.example8_timeout" name="tc1" time="0.080">
    <system-out>
      <![CDATA[run tc1]]>
    </system-out>
  </testcase> <!-- tc1 -->
  <system-out>
    <![CDATA[run tc1]]>
  </system-out>
</testsuite> <!-- testNG.example8_timeout -->
