<?xml version="1.0" encoding="UTF-8"?>
<!-- Generated by org.testng.reporters.JUnitReportReporter -->
<testsuite hostname="DESKTOP-QI6C0LV" failures="0" tests="3" name="testNG.sample1" time="0.030" errors="0" timestamp="2023-06-13T00:19:10 IST" skipped="0">
  <testcase classname="testNG.sample1" name="tc3" time="0.003">
    <system-out>
      <![CDATA[tc3]]>
    </system-out>
  </testcase> <!-- tc3 -->
  <testcase classname="testNG.sample1" name="tc2" time="0.005">
    <system-out>
      <![CDATA[tc2]]>
    </system-out>
  </testcase> <!-- tc2 -->
  <testcase classname="testNG.sample1" name="tc1" time="0.022">
    <system-out>
      <![CDATA[tc1]]>
    </system-out>
  </testcase> <!-- tc1 -->
  <system-out>
    <![CDATA[tc1
tc2
tc3
tc4
tc5
tc6]]>
  </system-out>
</testsuite> <!-- testNG.sample1 -->
