<?xml version="1.0" encoding="UTF-8"?>
<!-- Generated by org.testng.reporters.JUnitReportReporter -->
<testsuite hostname="DESKTOP-QI6C0LV" failures="0" tests="1" name="POM_DDF_testNG.PB_Login_test" time="33.525" errors="0" timestamp="2023-07-14T00:06:02 IST" skipped="0">
  <testcase classname="POM_DDF_testNG.PB_Login_test" name="Verifyfullname" time="33.525"/>
</testsuite> <!-- POM_DDF_testNG.PB_Login_test -->
