<?xml version="1.0" encoding="UTF-8"?>
<!-- Generated by org.testng.reporters.JUnitReportReporter -->
<testsuite hostname="DESKTOP-QI6C0LV" failures="0" tests="5" name="testNG.example5_keyword_innovations" time="0.035" errors="0" timestamp="2023-06-11T01:35:57 IST" skipped="0">
  <testcase classname="testNG.example5_keyword_innovations" name="tc1" time="0.005">
    <system-out>
      <![CDATA[tc1]]>
    </system-out>
  </testcase> <!-- tc1 -->
  <testcase classname="testNG.example5_keyword_innovations" name="tc1" time="0.019">
    <system-out>
      <![CDATA[tc1]]>
    </system-out>
  </testcase> <!-- tc1 -->
  <testcase classname="testNG.example5_keyword_innovations" name="tc1" time="0.005">
    <system-out>
      <![CDATA[tc1]]>
    </system-out>
  </testcase> <!-- tc1 -->
  <testcase classname="testNG.example5_keyword_innovations" name="tc1" time="0.003">
    <system-out>
      <![CDATA[tc1]]>
    </system-out>
  </testcase> <!-- tc1 -->
  <testcase classname="testNG.example5_keyword_innovations" name="tc1" time="0.003">
    <system-out>
      <![CDATA[tc1]]>
    </system-out>
  </testcase> <!-- tc1 -->
  <system-out>
    <![CDATA[tc1
tc1
tc1
tc1
tc1]]>
  </system-out>
</testsuite> <!-- testNG.example5_keyword_innovations -->
