<?xml version="1.0" encoding="UTF-8"?>
<!-- Generated by org.testng.reporters.JUnitReportReporter -->
<testsuite hostname="DESKTOP-QI6C0LV" failures="0" tests="3" name="testNG.example9_dependsonmethod1" time="0.029" errors="0" timestamp="2023-06-12T23:51:10 IST" skipped="0">
  <testcase classname="testNG.example9_dependsonmethod1" name="logout" time="0.002">
    <system-out>
      <![CDATA[logout]]>
    </system-out>
  </testcase> <!-- logout -->
  <testcase classname="testNG.example9_dependsonmethod1" name="login" time="0.016">
    <system-out>
      <![CDATA[login]]>
    </system-out>
  </testcase> <!-- login -->
  <testcase classname="testNG.example9_dependsonmethod1" name="login1" time="0.011">
    <system-out>
      <![CDATA[login1]]>
    </system-out>
  </testcase> <!-- login1 -->
  <system-out>
    <![CDATA[login
login1
logout]]>
  </system-out>
</testsuite> <!-- testNG.example9_dependsonmethod1 -->
