<?xml version="1.0" encoding="UTF-8"?>
<!-- Generated by org.testng.reporters.JUnitReportReporter -->
<testsuite hostname="DESKTOP-QI6C0LV" failures="0" tests="4" name="testNG.example20_disableTCEfromTs" time="0.038" errors="0" timestamp="2023-06-16T16:49:38 IST" skipped="0">
  <testcase classname="testNG.example20_disableTCEfromTs" name="TC4" time="0.003">
    <system-out>
      <![CDATA[running tc4]]>
    </system-out>
  </testcase> <!-- TC4 -->
  <testcase classname="testNG.example20_disableTCEfromTs" name="TC1" time="0.025">
    <system-out>
      <![CDATA[running tc1]]>
    </system-out>
  </testcase> <!-- TC1 -->
  <testcase classname="testNG.example20_disableTCEfromTs" name="TC3" time="0.005">
    <system-out>
      <![CDATA[running tc3]]>
    </system-out>
  </testcase> <!-- TC3 -->
  <testcase classname="testNG.example20_disableTCEfromTs" name="TC2" time="0.005">
    <system-out>
      <![CDATA[running tc2]]>
    </system-out>
  </testcase> <!-- TC2 -->
  <system-out>
    <![CDATA[running tc1
running tc2
running tc3
running tc4]]>
  </system-out>
</testsuite> <!-- testNG.example20_disableTCEfromTs -->
