<?xml version="1.0" encoding="UTF-8"?>
<!-- Generated by org.testng.reporters.JUnitReportReporter -->
<testsuite hostname="DESKTOP-QI6C0LV" failures="0" tests="1" name="testNG.example12_Assertnotequal" time="0.019" errors="0" timestamp="2023-06-15T15:33:53 IST" skipped="0">
  <testcase classname="testNG.example12_Assertnotequal" name="tc1" time="0.019"/>
</testsuite> <!-- testNG.example12_Assertnotequal -->
