<?xml version="1.0" encoding="UTF-8"?>
<!-- Generated by org.testng.reporters.JUnitReportReporter -->
<testsuite hostname="DESKTOP-QI6C0LV" failures="0" tests="1" name="testNG.example25_parallel2" time="88.764" errors="0" timestamp="2023-06-20T14:39:53 IST" skipped="0">
  <testcase classname="testNG.example25_parallel2" name="TC1" time="88.764"/>
</testsuite> <!-- testNG.example25_parallel2 -->
