<?xml version="1.0" encoding="UTF-8"?>
<!-- Generated by org.testng.reporters.JUnitReportReporter -->
<testsuite hostname="DESKTOP-QI6C0LV" failures="0" tests="5" name="testNG.example21_failed_xml" time="0.023" errors="0" timestamp="2023-06-16T17:25:52 IST" skipped="0">
  <testcase classname="testNG.example21_failed_xml" name="TC5" time="0.001">
    <system-out>
      <![CDATA[running tc5]]>
    </system-out>
  </testcase> <!-- TC5 -->
  <testcase classname="testNG.example21_failed_xml" name="TC3" time="0.001">
    <system-out>
      <![CDATA[running tc3]]>
    </system-out>
  </testcase> <!-- TC3 -->
  <testcase classname="testNG.example21_failed_xml" name="TC2" time="0.002">
    <system-out>
      <![CDATA[running tc2]]>
    </system-out>
  </testcase> <!-- TC2 -->
  <testcase classname="testNG.example21_failed_xml" name="TC1" time="0.017">
    <system-out>
      <![CDATA[running tc1]]>
    </system-out>
  </testcase> <!-- TC1 -->
  <testcase classname="testNG.example21_failed_xml" name="TC4" time="0.002">
    <system-out>
      <![CDATA[running tc4]]>
    </system-out>
  </testcase> <!-- TC4 -->
  <system-out>
    <![CDATA[running tc1
running tc2
running tc3
running tc4
running tc5]]>
  </system-out>
</testsuite> <!-- testNG.example21_failed_xml -->
