<?xml version="1.0" encoding="UTF-8"?>
<!-- Generated by org.testng.reporters.JUnitReportReporter -->
<testsuite hostname="DESKTOP-QI6C0LV" failures="0" tests="1" name="testNG.example16_Assertfalse" time="0.018" errors="0" timestamp="2023-06-15T15:44:55 IST" skipped="0">
  <testcase classname="testNG.example16_Assertfalse" name="tc1" time="0.018"/>
</testsuite> <!-- testNG.example16_Assertfalse -->
