<?xml version="1.0" encoding="UTF-8"?>
<!-- Generated by org.testng.reporters.JUnitReportReporter -->
<testsuite hostname="DESKTOP-QI6C0LV" failures="0" tests="2" name="testNG.example19_disableTCEfromTS" time="0.019" errors="0" timestamp="2023-06-16T16:43:06 IST" skipped="0">
  <testcase classname="testNG.example19_disableTCEfromTS" name="TC5" time="0.004">
    <system-out>
      <![CDATA[running tc5]]>
    </system-out>
  </testcase> <!-- TC5 -->
  <testcase classname="testNG.example19_disableTCEfromTS" name="TC4" time="0.015">
    <system-out>
      <![CDATA[running tc4]]>
    </system-out>
  </testcase> <!-- TC4 -->
  <system-out>
    <![CDATA[running tc4
running tc5]]>
  </system-out>
</testsuite> <!-- testNG.example19_disableTCEfromTS -->
