<?xml version="1.0" encoding="UTF-8"?>
<!-- Generated by org.testng.reporters.JUnitReportReporter -->
<testsuite hostname="DESKTOP-QI6C0LV" failures="0" tests="1" name="testNG.example24_parralel1" time="51.664" errors="0" timestamp="2023-06-17T22:06:32 IST" skipped="0">
  <testcase classname="testNG.example24_parralel1" name="TC1" time="51.664"/>
</testsuite> <!-- testNG.example24_parralel1 -->
