<?xml version="1.0" encoding="UTF-8"?>
<!-- Generated by org.testng.reporters.JUnitReportReporter -->
<testsuite hostname="DESKTOP-QI6C0LV" failures="0" tests="1" name="testNG.example4_testng_annotations" time="0.018" errors="0" timestamp="2023-06-11T01:29:44 IST" skipped="0">
  <testcase classname="testNG.example4_testng_annotations" name="tc1" time="0.018">
    <system-out>
      <![CDATA[run tc1]]>
    </system-out>
  </testcase> <!-- tc1 -->
  <system-out>
    <![CDATA[open browse
login
run tc1
log out
close]]>
  </system-out>
</testsuite> <!-- testNG.example4_testng_annotations -->
