<?xml version="1.0" encoding="UTF-8"?>
<!-- Generated by org.testng.reporters.JUnitReportReporter -->
<testsuite hostname="DESKTOP-QI6C0LV" failures="0" tests="3" name="testNG.example3_emailablereport" time="0.034" errors="0" timestamp="2023-06-11T01:18:12 IST" skipped="0">
  <testcase classname="testNG.example3_emailablereport" name="tc1" time="0.024">
    <system-out>
      <![CDATA[running tc1]]>
    </system-out>
  </testcase> <!-- tc1 -->
  <testcase classname="testNG.example3_emailablereport" name="tc3" time="0.007">
    <system-out>
      <![CDATA[running tc3]]>
    </system-out>
  </testcase> <!-- tc3 -->
  <testcase classname="testNG.example3_emailablereport" name="tc2" time="0.003">
    <system-out>
      <![CDATA[running tc2]]>
    </system-out>
  </testcase> <!-- tc2 -->
  <system-out>
    <![CDATA[running tc1
running tc2
running tc3]]>
  </system-out>
</testsuite> <!-- testNG.example3_emailablereport -->
