<?xml version="1.0" encoding="UTF-8"?>
<!-- Generated by org.testng.reporters.JUnitReportReporter -->
<testsuite hostname="DESKTOP-QI6C0LV" failures="0" tests="2" name="testNG.example9_dependsonmethod" time="0.032" errors="0" timestamp="2023-06-13T00:18:42 IST" skipped="0">
  <testcase classname="testNG.example9_dependsonmethod" name="login" time="0.022">
    <system-out>
      <![CDATA[log in]]>
    </system-out>
  </testcase> <!-- login -->
  <testcase classname="testNG.example9_dependsonmethod" name="logout" time="0.010">
    <system-out>
      <![CDATA[logout]]>
    </system-out>
  </testcase> <!-- logout -->
  <system-out>
    <![CDATA[log in
logout]]>
  </system-out>
</testsuite> <!-- testNG.example9_dependsonmethod -->
