<?xml version="1.0" encoding="UTF-8"?>
<!-- Generated by org.testng.reporters.JUnitReportReporter -->
<testsuite hostname="DESKTOP-QI6C0LV" failures="0" tests="3" name="testNG.example6_enablefalse" time="0.047" errors="0" timestamp="2023-06-12T21:00:54 IST" skipped="1">
  <testcase classname="testNG.example6_enablefalse" name="tc1" time="0.041">
    <system-out>
      <![CDATA[tc1]]>
    </system-out>
  </testcase> <!-- tc1 -->
  <testcase classname="testNG.example6_enablefalse" name="yc3" time="0.006">
    <system-out>
      <![CDATA[tc3]]>
    </system-out>
  </testcase> <!-- yc3 -->
  <testcase classname="testNG.example6_enablefalse" name="tc2">
    <skipped/>
  </testcase> <!-- tc2 -->
  <system-out>
    <![CDATA[tc1
tc3]]>
  </system-out>
</testsuite> <!-- testNG.example6_enablefalse -->
