<?xml version="1.0" encoding="UTF-8"?>
<!-- Generated by org.testng.reporters.JUnitReportReporter -->
<testsuite hostname="DESKTOP-QI6C0LV" failures="0" tests="1" name="POM_DDF_TestNG_Baseclass_Utilityclass_CaptureSSofFailedtestcase.PB_Login_test" time="37.570" errors="0" timestamp="2023-07-17T20:41:48 IST" skipped="0">
  <testcase classname="POM_DDF_TestNG_Baseclass_Utilityclass_CaptureSSofFailedtestcase.PB_Login_test" name="Verifyfullname" time="37.570"/>
</testsuite> <!-- POM_DDF_TestNG_Baseclass_Utilityclass_CaptureSSofFailedtestcase.PB_Login_test -->
