<?xml version="1.0" encoding="UTF-8"?>
<!-- Generated by org.testng.reporters.JUnitReportReporter -->
<testsuite hostname="DESKTOP-QI6C0LV" failures="0" tests="3" name="testNG.sample2" time="0.019" errors="0" timestamp="2023-06-13T00:19:10 IST" skipped="0">
  <testcase classname="testNG.sample2" name="tc6" time="0.005">
    <system-out>
      <![CDATA[tc6]]>
    </system-out>
  </testcase> <!-- tc6 -->
  <testcase classname="testNG.sample2" name="tc5" time="0.011">
    <system-out>
      <![CDATA[tc5]]>
    </system-out>
  </testcase> <!-- tc5 -->
  <testcase classname="testNG.sample2" name="tc4" time="0.003">
    <system-out>
      <![CDATA[tc4]]>
    </system-out>
  </testcase> <!-- tc4 -->
  <system-out>
    <![CDATA[tc1
tc2
tc3
tc4
tc5
tc6]]>
  </system-out>
</testsuite> <!-- testNG.sample2 -->
