<?xml version="1.0" encoding="UTF-8"?>
<!-- Generated by org.testng.reporters.JUnitReportReporter -->
<testsuite hostname="DESKTOP-QI6C0LV" failures="0" tests="1" name="testNG.example14_Asserttrue" time="0.026" errors="0" timestamp="2023-06-15T15:40:24 IST" skipped="0">
  <testcase classname="testNG.example14_Asserttrue" name="tc1" time="0.026"/>
</testsuite> <!-- testNG.example14_Asserttrue -->
