<?xml version="1.0" encoding="UTF-8"?>
<!-- Generated by org.testng.reporters.JUnitReportReporter -->
<testsuite hostname="DESKTOP-QI6C0LV" failures="0" tests="3" name="testNG.example7_prioritykeyword" time="0.028" errors="0" timestamp="2023-06-11T16:02:47 IST" skipped="0">
  <testcase classname="testNG.example7_prioritykeyword" name="tc2" time="0.020">
    <system-out>
      <![CDATA[tc1]]>
    </system-out>
  </testcase> <!-- tc2 -->
  <testcase classname="testNG.example7_prioritykeyword" name="tc3" time="0.004">
    <system-out>
      <![CDATA[tc1]]>
    </system-out>
  </testcase> <!-- tc3 -->
  <testcase classname="testNG.example7_prioritykeyword" name="tc1" time="0.004">
    <system-out>
      <![CDATA[tc1]]>
    </system-out>
  </testcase> <!-- tc1 -->
  <system-out>
    <![CDATA[tc1
tc1
tc1]]>
  </system-out>
</testsuite> <!-- testNG.example7_prioritykeyword -->
