<?xml version="1.0" encoding="UTF-8"?>
<!-- Generated by org.testng.reporters.JUnitReportReporter -->
<testsuite hostname="DESKTOP-QI6C0LV" failures="0" tests="4" name="testNG.example23_grouping" time="0.014" errors="0" timestamp="2023-06-17T00:29:16 IST" skipped="0">
  <testcase classname="testNG.example23_grouping" name="TC1" time="0.002">
    <system-out>
      <![CDATA[running TC1]]>
    </system-out>
  </testcase> <!-- TC1 -->
  <testcase classname="testNG.example23_grouping" name="TC6" time="0.004">
    <system-out>
      <![CDATA[running TC6]]>
    </system-out>
  </testcase> <!-- TC6 -->
  <testcase classname="testNG.example23_grouping" name="TC3" time="0.004">
    <system-out>
      <![CDATA[running TC3]]>
    </system-out>
  </testcase> <!-- TC3 -->
  <testcase classname="testNG.example23_grouping" name="TC2" time="0.004">
    <system-out>
      <![CDATA[running TC2]]>
    </system-out>
  </testcase> <!-- TC2 -->
  <system-out>
    <![CDATA[running TC1
running TC2
running TC3
running TC4
running TC6
running TC1
running TC2
running TC3
running TC6]]>
  </system-out>
</testsuite> <!-- testNG.example23_grouping -->
