<?xml version="1.0" encoding="UTF-8"?>
<!-- Generated by org.testng.reporters.JUnitReportReporter -->
<testsuite hostname="DESKTOP-QI6C0LV" failures="0" tests="1" name="testNG.example10_AssertEquals" time="0.052" errors="0" timestamp="2023-06-15T14:54:49 IST" skipped="0">
  <testcase classname="testNG.example10_AssertEquals" name="tc1" time="0.052"/>
</testsuite> <!-- testNG.example10_AssertEquals -->
