<?xml version="1.0" encoding="UTF-8"?>
<!-- Generated by org.testng.reporters.JUnitReportReporter -->
<testsuite hostname="DESKTOP-QI6C0LV" failures="0" tests="2" name="testng1.example1" time="0.023" errors="0" timestamp="2023-06-12T21:05:23 IST" skipped="0">
  <testcase classname="testng1.example1" name="f" time="0.009"/>
  <testcase classname="testng1.example1" name="f" time="0.014"/>
</testsuite> <!-- testng1.example1 -->
